                              1 ;--------------------------------------------------------
                              2 ; File Created by SDCC : free open source ANSI-C Compiler
                              3 ; Version 3.3.0 #8604 (Dec 30 2013) (Linux)
                              4 ; This file was generated Wed Jan 20 17:14:32 2016
                              5 ;--------------------------------------------------------
                              6 	.module tcd2_gpifwvfm
                              7 	.optsdcc -mmcs51 --model-small
                              8 	
                              9 ;--------------------------------------------------------
                             10 ; Public variables in this module
                             11 ;--------------------------------------------------------
                             12 	.globl _InitData
                             13 	.globl _FlowStates
                             14 	.globl _WaveData
                             15 ;--------------------------------------------------------
                             16 ; special function registers
                             17 ;--------------------------------------------------------
                             18 	.area RSEG    (ABS,DATA)
   0000                      19 	.org 0x0000
                             20 ;--------------------------------------------------------
                             21 ; special function bits
                             22 ;--------------------------------------------------------
                             23 	.area RSEG    (ABS,DATA)
   0000                      24 	.org 0x0000
                             25 ;--------------------------------------------------------
                             26 ; overlayable register banks
                             27 ;--------------------------------------------------------
                             28 	.area REG_BANK_0	(REL,OVR,DATA)
   0000                      29 	.ds 8
                             30 ;--------------------------------------------------------
                             31 ; internal ram data
                             32 ;--------------------------------------------------------
                             33 	.area DSEG    (DATA)
                             34 ;--------------------------------------------------------
                             35 ; overlayable items in internal ram 
                             36 ;--------------------------------------------------------
                             37 ;--------------------------------------------------------
                             38 ; indirectly addressable internal ram data
                             39 ;--------------------------------------------------------
                             40 	.area ISEG    (DATA)
                             41 ;--------------------------------------------------------
                             42 ; absolute internal ram data
                             43 ;--------------------------------------------------------
                             44 	.area IABS    (ABS,DATA)
                             45 	.area IABS    (ABS,DATA)
                             46 ;--------------------------------------------------------
                             47 ; bit data
                             48 ;--------------------------------------------------------
                             49 	.area BSEG    (BIT)
                             50 ;--------------------------------------------------------
                             51 ; paged external ram data
                             52 ;--------------------------------------------------------
                             53 	.area PSEG    (PAG,XDATA)
                             54 ;--------------------------------------------------------
                             55 ; external ram data
                             56 ;--------------------------------------------------------
                             57 	.area XSEG    (XDATA)
                             58 ;--------------------------------------------------------
                             59 ; absolute external ram data
                             60 ;--------------------------------------------------------
                             61 	.area XABS    (ABS,XDATA)
                             62 ;--------------------------------------------------------
                             63 ; external initialized ram data
                             64 ;--------------------------------------------------------
                             65 	.area XISEG   (XDATA)
   0000                      66 _WaveData::
   0000                      67 	.ds 128
   0080                      68 _FlowStates::
   0080                      69 	.ds 36
   00A4                      70 _InitData::
   00A4                      71 	.ds 7
                             72 	.area HOME    (CODE)
                             73 	.area GSINIT0 (CODE)
                             74 	.area GSINIT1 (CODE)
                             75 	.area GSINIT2 (CODE)
                             76 	.area GSINIT3 (CODE)
                             77 	.area GSINIT4 (CODE)
                             78 	.area GSINIT5 (CODE)
                             79 	.area GSINIT  (CODE)
                             80 	.area GSFINAL (CODE)
                             81 	.area CSEG    (CODE)
                             82 ;--------------------------------------------------------
                             83 ; global & static initialisations
                             84 ;--------------------------------------------------------
                             85 	.area HOME    (CODE)
                             86 	.area GSINIT  (CODE)
                             87 	.area GSFINAL (CODE)
                             88 	.area GSINIT  (CODE)
                             89 ;--------------------------------------------------------
                             90 ; Home
                             91 ;--------------------------------------------------------
                             92 	.area HOME    (CODE)
                             93 	.area HOME    (CODE)
                             94 ;--------------------------------------------------------
                             95 ; code
                             96 ;--------------------------------------------------------
                             97 	.area CSEG    (CODE)
                             98 	.area CSEG    (CODE)
                             99 	.area CONST   (CODE)
                            100 	.area XINIT   (CODE)
   0000                     101 __xinit__WaveData:
   0000 81                  102 	.db #0x81	; -127
   0001 04                  103 	.db #0x04	;  4
   0002 01                  104 	.db #0x01	;  1
   0003 01                  105 	.db #0x01	;  1
   0004 01                  106 	.db #0x01	;  1
   0005 01                  107 	.db #0x01	;  1
   0006 01                  108 	.db #0x01	;  1
   0007 07                  109 	.db #0x07	;  7
   0008 01                  110 	.db #0x01	;  1
   0009 02                  111 	.db #0x02	;  2
   000A 02                  112 	.db #0x02	;  2
   000B 02                  113 	.db #0x02	;  2
   000C 02                  114 	.db #0x02	;  2
   000D 02                  115 	.db #0x02	;  2
   000E 02                  116 	.db #0x02	;  2
   000F 00                  117 	.db #0x00	;  0
   0010 1B                  118 	.db #0x1B	;  27
   0011 1B                  119 	.db #0x1B	;  27
   0012 1B                  120 	.db #0x1B	;  27
   0013 1B                  121 	.db #0x1B	;  27
   0014 1B                  122 	.db #0x1B	;  27
   0015 1B                  123 	.db #0x1B	;  27
   0016 1B                  124 	.db #0x1B	;  27
   0017 1F                  125 	.db #0x1F	;  31
   0018 00                  126 	.db #0x00	;  0
   0019 00                  127 	.db #0x00	;  0
   001A 00                  128 	.db #0x00	;  0
   001B 00                  129 	.db #0x00	;  0
   001C 00                  130 	.db #0x00	;  0
   001D 00                  131 	.db #0x00	;  0
   001E 00                  132 	.db #0x00	;  0
   001F 3F                  133 	.db #0x3F	;  63
   0020 03                  134 	.db #0x03	;  3
   0021 03                  135 	.db #0x03	;  3
   0022 01                  136 	.db #0x01	;  1
   0023 01                  137 	.db #0x01	;  1
   0024 01                  138 	.db #0x01	;  1
   0025 01                  139 	.db #0x01	;  1
   0026 01                  140 	.db #0x01	;  1
   0027 07                  141 	.db #0x07	;  7
   0028 02                  142 	.db #0x02	;  2
   0029 02                  143 	.db #0x02	;  2
   002A 02                  144 	.db #0x02	;  2
   002B 02                  145 	.db #0x02	;  2
   002C 02                  146 	.db #0x02	;  2
   002D 02                  147 	.db #0x02	;  2
   002E 02                  148 	.db #0x02	;  2
   002F 00                  149 	.db #0x00	;  0
   0030 1F                  150 	.db #0x1F	;  31
   0031 17                  151 	.db #0x17	;  23
   0032 16                  152 	.db #0x16	;  22
   0033 17                  153 	.db #0x17	;  23
   0034 17                  154 	.db #0x17	;  23
   0035 17                  155 	.db #0x17	;  23
   0036 17                  156 	.db #0x17	;  23
   0037 1F                  157 	.db #0x1F	;  31
   0038 00                  158 	.db #0x00	;  0
   0039 00                  159 	.db #0x00	;  0
   003A 00                  160 	.db #0x00	;  0
   003B 00                  161 	.db #0x00	;  0
   003C 00                  162 	.db #0x00	;  0
   003D 00                  163 	.db #0x00	;  0
   003E 00                  164 	.db #0x00	;  0
   003F 3F                  165 	.db #0x3F	;  63
   0040 81                  166 	.db #0x81	; -127
   0041 08                  167 	.db #0x08	;  8
   0042 04                  168 	.db #0x04	;  4
   0043 01                  169 	.db #0x01	;  1
   0044 01                  170 	.db #0x01	;  1
   0045 01                  171 	.db #0x01	;  1
   0046 01                  172 	.db #0x01	;  1
   0047 07                  173 	.db #0x07	;  7
   0048 01                  174 	.db #0x01	;  1
   0049 00                  175 	.db #0x00	;  0
   004A 02                  176 	.db #0x02	;  2
   004B 04                  177 	.db #0x04	;  4
   004C 08                  178 	.db #0x08	;  8
   004D 00                  179 	.db #0x00	;  0
   004E 00                  180 	.db #0x00	;  0
   004F 00                  181 	.db #0x00	;  0
   0050 1D                  182 	.db #0x1D	;  29
   0051 1D                  183 	.db #0x1D	;  29
   0052 1F                  184 	.db #0x1F	;  31
   0053 1F                  185 	.db #0x1F	;  31
   0054 1F                  186 	.db #0x1F	;  31
   0055 1F                  187 	.db #0x1F	;  31
   0056 1F                  188 	.db #0x1F	;  31
   0057 1F                  189 	.db #0x1F	;  31
   0058 09                  190 	.db #0x09	;  9
   0059 00                  191 	.db #0x00	;  0
   005A 00                  192 	.db #0x00	;  0
   005B 00                  193 	.db #0x00	;  0
   005C 00                  194 	.db #0x00	;  0
   005D 00                  195 	.db #0x00	;  0
   005E 00                  196 	.db #0x00	;  0
   005F 3F                  197 	.db #0x3F	;  63
   0060 01                  198 	.db #0x01	;  1
   0061 01                  199 	.db #0x01	;  1
   0062 01                  200 	.db #0x01	;  1
   0063 01                  201 	.db #0x01	;  1
   0064 01                  202 	.db #0x01	;  1
   0065 01                  203 	.db #0x01	;  1
   0066 01                  204 	.db #0x01	;  1
   0067 07                  205 	.db #0x07	;  7
   0068 00                  206 	.db #0x00	;  0
   0069 00                  207 	.db #0x00	;  0
   006A 00                  208 	.db #0x00	;  0
   006B 00                  209 	.db #0x00	;  0
   006C 00                  210 	.db #0x00	;  0
   006D 00                  211 	.db #0x00	;  0
   006E 00                  212 	.db #0x00	;  0
   006F 00                  213 	.db #0x00	;  0
   0070 1F                  214 	.db #0x1F	;  31
   0071 1F                  215 	.db #0x1F	;  31
   0072 1F                  216 	.db #0x1F	;  31
   0073 1F                  217 	.db #0x1F	;  31
   0074 1F                  218 	.db #0x1F	;  31
   0075 1F                  219 	.db #0x1F	;  31
   0076 1F                  220 	.db #0x1F	;  31
   0077 1F                  221 	.db #0x1F	;  31
   0078 00                  222 	.db #0x00	;  0
   0079 00                  223 	.db #0x00	;  0
   007A 00                  224 	.db #0x00	;  0
   007B 00                  225 	.db #0x00	;  0
   007C 00                  226 	.db #0x00	;  0
   007D 00                  227 	.db #0x00	;  0
   007E 00                  228 	.db #0x00	;  0
   007F 3F                  229 	.db #0x3F	;  63
   0080                     230 __xinit__FlowStates:
   0080 00                  231 	.db #0x00	;  0
   0081 00                  232 	.db #0x00	;  0
   0082 00                  233 	.db #0x00	;  0
   0083 00                  234 	.db #0x00	;  0
   0084 00                  235 	.db #0x00	;  0
   0085 00                  236 	.db #0x00	;  0
   0086 00                  237 	.db #0x00	;  0
   0087 00                  238 	.db #0x00	;  0
   0088 00                  239 	.db #0x00	;  0
   0089 00                  240 	.db #0x00	;  0
   008A 00                  241 	.db #0x00	;  0
   008B 00                  242 	.db #0x00	;  0
   008C 00                  243 	.db #0x00	;  0
   008D 00                  244 	.db #0x00	;  0
   008E 00                  245 	.db #0x00	;  0
   008F 00                  246 	.db #0x00	;  0
   0090 00                  247 	.db #0x00	;  0
   0091 00                  248 	.db #0x00	;  0
   0092 00                  249 	.db #0x00	;  0
   0093 00                  250 	.db #0x00	;  0
   0094 00                  251 	.db #0x00	;  0
   0095 00                  252 	.db #0x00	;  0
   0096 00                  253 	.db #0x00	;  0
   0097 00                  254 	.db #0x00	;  0
   0098 00                  255 	.db #0x00	;  0
   0099 00                  256 	.db #0x00	;  0
   009A 00                  257 	.db #0x00	;  0
   009B 00                  258 	.db #0x00	;  0
   009C 00                  259 	.db #0x00	;  0
   009D 00                  260 	.db #0x00	;  0
   009E 00                  261 	.db #0x00	;  0
   009F 00                  262 	.db #0x00	;  0
   00A0 00                  263 	.db #0x00	;  0
   00A1 00                  264 	.db #0x00	;  0
   00A2 00                  265 	.db #0x00	;  0
   00A3 00                  266 	.db #0x00	;  0
   00A4                     267 __xinit__InitData:
   00A4 C0                  268 	.db #0xC0	; -64
   00A5 00                  269 	.db #0x00	;  0
   00A6 00                  270 	.db #0x00	;  0
   00A7 1F                  271 	.db #0x1F	;  31
   00A8 EE                  272 	.db #0xEE	; -18
   00A9 4E                  273 	.db #0x4E	;  78	'N'
   00AA 00                  274 	.db #0x00	;  0
                            275 	.area CABS    (ABS,CODE)
