                              1 ;--------------------------------------------------------
                              2 ; File Created by SDCC : free open source ANSI-C Compiler
                              3 ; Version 3.3.0 #8604 (Dec 30 2013) (Linux)
                              4 ; This file was generated Wed Jan 20 16:16:19 2016
                              5 ;--------------------------------------------------------
                              6 	.module fx2_c0
                              7 	.optsdcc -mmcs51 --model-small
                              8 	
                              9 ;--------------------------------------------------------
                             10 ; Public variables in this module
                             11 ;--------------------------------------------------------
                             12 	.globl _fx2_c0
                             13 ;--------------------------------------------------------
                             14 ; special function registers
                             15 ;--------------------------------------------------------
                             16 	.area RSEG    (ABS,DATA)
   0000                      17 	.org 0x0000
                             18 ;--------------------------------------------------------
                             19 ; special function bits
                             20 ;--------------------------------------------------------
                             21 	.area RSEG    (ABS,DATA)
   0000                      22 	.org 0x0000
                             23 ;--------------------------------------------------------
                             24 ; overlayable register banks
                             25 ;--------------------------------------------------------
                             26 	.area REG_BANK_0	(REL,OVR,DATA)
   0000                      27 	.ds 8
                             28 ;--------------------------------------------------------
                             29 ; internal ram data
                             30 ;--------------------------------------------------------
                             31 	.area DSEG    (DATA)
                             32 ;--------------------------------------------------------
                             33 ; overlayable items in internal ram 
                             34 ;--------------------------------------------------------
                             35 ;--------------------------------------------------------
                             36 ; indirectly addressable internal ram data
                             37 ;--------------------------------------------------------
                             38 	.area ISEG    (DATA)
                             39 ;--------------------------------------------------------
                             40 ; absolute internal ram data
                             41 ;--------------------------------------------------------
                             42 	.area IABS    (ABS,DATA)
                             43 	.area IABS    (ABS,DATA)
                             44 ;--------------------------------------------------------
                             45 ; bit data
                             46 ;--------------------------------------------------------
                             47 	.area BSEG    (BIT)
                             48 ;--------------------------------------------------------
                             49 ; paged external ram data
                             50 ;--------------------------------------------------------
                             51 	.area PSEG    (PAG,XDATA)
                             52 ;--------------------------------------------------------
                             53 ; external ram data
                             54 ;--------------------------------------------------------
                             55 	.area XSEG    (XDATA)
                             56 ;--------------------------------------------------------
                             57 ; absolute external ram data
                             58 ;--------------------------------------------------------
                             59 	.area XABS    (ABS,XDATA)
                             60 ;--------------------------------------------------------
                             61 ; external initialized ram data
                             62 ;--------------------------------------------------------
                             63 	.area XISEG   (XDATA)
   0000                      64 _fx2_c0::
   0000                      65 	.ds 8
                             66 	.area HOME    (CODE)
                             67 	.area GSINIT0 (CODE)
                             68 	.area GSINIT1 (CODE)
                             69 	.area GSINIT2 (CODE)
                             70 	.area GSINIT3 (CODE)
                             71 	.area GSINIT4 (CODE)
                             72 	.area GSINIT5 (CODE)
                             73 	.area GSINIT  (CODE)
                             74 	.area GSFINAL (CODE)
                             75 	.area CSEG    (CODE)
                             76 ;--------------------------------------------------------
                             77 ; global & static initialisations
                             78 ;--------------------------------------------------------
                             79 	.area HOME    (CODE)
                             80 	.area GSINIT  (CODE)
                             81 	.area GSFINAL (CODE)
                             82 	.area GSINIT  (CODE)
                             83 ;--------------------------------------------------------
                             84 ; Home
                             85 ;--------------------------------------------------------
                             86 	.area HOME    (CODE)
                             87 	.area HOME    (CODE)
                             88 ;--------------------------------------------------------
                             89 ; code
                             90 ;--------------------------------------------------------
                             91 	.area CSEG    (CODE)
                             92 	.area CSEG    (CODE)
                             93 	.area CONST   (CODE)
                             94 	.area XINIT   (CODE)
   0000                      95 __xinit__fx2_c0:
   0000 C0                   96 	.db #0xC0	; 192
   0001 B4                   97 	.db #0xB4	; 180
   0002 04                   98 	.db #0x04	; 4
   0003 10                   99 	.db #0x10	; 16
   0004 10                  100 	.db #0x10	; 16
   0005 00                  101 	.db #0x00	; 0
   0006 00                  102 	.db #0x00	; 0
   0007 00                  103 	.db #0x00	; 0
                            104 	.area CABS    (ABS,CODE)
